Started GET "/" for 127.0.0.1 at 2018-07-28 19:25:01 +0530
Processing by HomeController#index as HTML
  Rendering home/index.html.erb within layouts/application
  Rendered home/index.html.erb within layouts/application (17.5ms)
Completed 500 Internal Server Error in 2567ms (ActiveRecord: 0.0ms)


  
ActionView::Template::Error (undefined method `user_signed_in?' for #<#<Class:0x0000564f6c6ba848>:0x0000564f6c66cda0>):
    36: 
    37:       <div id="navbar" class="navbar-menu">
    38:         <div class="navbar-end">
    39:           <% if user_signed_in? %>
    40:           <div class="navbar-item">
    41:             <div class="field is-grouped">
    42:               <%= link_to 'New Discussion', '#', class:"button is-info" %>
  
app/views/layouts/application.html.erb:39:in `_app_views_layouts_application_html_erb___3276392461597028950_47449560009640'
Started GET "/" for 127.0.0.1 at 2018-07-28 19:26:36 +0530
Processing by HomeController#index as HTML
  Rendering home/index.html.erb within layouts/application
  Rendered home/index.html.erb within layouts/application (0.3ms)
Completed 500 Internal Server Error in 121ms (ActiveRecord: 0.0ms)


  
ActionView::Template::Error (undefined method `user_signed_in?' for #<#<Class:0x0000564f6c6ba848>:0x00007fda8e6dc390>):
    36: 
    37:       <div id="navbar" class="navbar-menu">
    38:         <div class="navbar-end">
    39:           <% if user_signed_in? %>
    40:             <div class="navbar-item">
    41:               <div class="field is-grouped">
    42:                 <%= link_to 'New Discussion', '#', class:"button is-info" %>
  
app/views/layouts/application.html.erb:39:in `_app_views_layouts_application_html_erb___3276392461597028950_70288334562900'
Started GET "/" for 127.0.0.1 at 2018-07-28 19:26:39 +0530
Processing by HomeController#index as HTML
  Rendering home/index.html.erb within layouts/application
  Rendered home/index.html.erb within layouts/application (0.3ms)
Completed 500 Internal Server Error in 188ms (ActiveRecord: 0.0ms)


  
ActionView::Template::Error (undefined method `user_signed_in?' for #<#<Class:0x0000564f6c6ba848>:0x0000564f6e717668>):
    36: 
    37:       <div id="navbar" class="navbar-menu">
    38:         <div class="navbar-end">
    39:           <% if user_signed_in? %>
    40:             <div class="navbar-item">
    41:               <div class="field is-grouped">
    42:                 <%= link_to 'New Discussion', '#', class:"button is-info" %>
  
app/views/layouts/application.html.erb:39:in `_app_views_layouts_application_html_erb___3276392461597028950_70288319380740'
  [1m[35m (0.1ms)[0m  [1m[34mSELECT sqlite_version(*)[0m
  ↳ bin/rails:9
  [1m[35m (1355.0ms)[0m  [1m[35mCREATE TABLE "schema_migrations" ("version" varchar NOT NULL PRIMARY KEY)[0m
  ↳ bin/rails:9
  [1m[35m (82.2ms)[0m  [1m[35mCREATE TABLE "ar_internal_metadata" ("key" varchar NOT NULL PRIMARY KEY, "value" varchar, "created_at" datetime NOT NULL, "updated_at" datetime NOT NULL)[0m
  ↳ bin/rails:9
  [1m[35m (0.5ms)[0m  [1m[34mSELECT "schema_migrations"."version" FROM "schema_migrations" ORDER BY "schema_migrations"."version" ASC[0m
  ↳ bin/rails:9
Migrating to DeviseCreateUsers (20180728135918)
  [1m[35m (0.2ms)[0m  [1m[36mbegin transaction[0m
  ↳ bin/rails:9
  [1m[35m (1.2ms)[0m  [1m[35mCREATE TABLE "users" ("id" integer PRIMARY KEY AUTOINCREMENT NOT NULL, "email" varchar DEFAULT '' NOT NULL, "encrypted_password" varchar DEFAULT '' NOT NULL, "reset_password_token" varchar, "reset_password_sent_at" datetime, "remember_created_at" datetime, "sign_in_count" integer DEFAULT 0 NOT NULL, "current_sign_in_at" datetime, "last_sign_in_at" datetime, "current_sign_in_ip" varchar, "last_sign_in_ip" varchar, "created_at" datetime NOT NULL, "updated_at" datetime NOT NULL)[0m
  ↳ db/migrate/20180728135918_devise_create_users.rb:5
  [1m[35m (0.3ms)[0m  [1m[35mCREATE UNIQUE INDEX "index_users_on_email" ON "users" ("email")[0m
  ↳ db/migrate/20180728135918_devise_create_users.rb:39
  [1m[35m (0.2ms)[0m  [1m[35mCREATE UNIQUE INDEX "index_users_on_reset_password_token" ON "users" ("reset_password_token")[0m
  ↳ db/migrate/20180728135918_devise_create_users.rb:40
  [1m[36mActiveRecord::SchemaMigration Create (0.2ms)[0m  [1m[32mINSERT INTO "schema_migrations" ("version") VALUES (?)[0m  [["version", "20180728135918"]]
  ↳ bin/rails:9
  [1m[35m (115.2ms)[0m  [1m[36mcommit transaction[0m
  ↳ bin/rails:9
  [1m[36mActiveRecord::InternalMetadata Load (0.7ms)[0m  [1m[34mSELECT  "ar_internal_metadata".* FROM "ar_internal_metadata" WHERE "ar_internal_metadata"."key" = ? LIMIT ?[0m  [["key", "environment"], ["LIMIT", 1]]
  ↳ bin/rails:9
  [1m[35m (0.2ms)[0m  [1m[36mbegin transaction[0m
  ↳ bin/rails:9
  [1m[36mActiveRecord::InternalMetadata Create (0.8ms)[0m  [1m[32mINSERT INTO "ar_internal_metadata" ("key", "value", "created_at", "updated_at") VALUES (?, ?, ?, ?)[0m  [["key", "environment"], ["value", "development"], ["created_at", "2018-07-28 13:59:47.726474"], ["updated_at", "2018-07-28 13:59:47.726474"]]
  ↳ bin/rails:9
  [1m[35m (80.8ms)[0m  [1m[36mcommit transaction[0m
  ↳ bin/rails:9
  [1m[35m (0.4ms)[0m  [1m[34mSELECT "schema_migrations"."version" FROM "schema_migrations" ORDER BY "schema_migrations"."version" ASC[0m
  ↳ bin/rails:9
Started GET "/" for 127.0.0.1 at 2018-07-28 19:32:00 +0530
  [1m[35m (0.1ms)[0m  [1m[34mSELECT "schema_migrations"."version" FROM "schema_migrations" ORDER BY "schema_migrations"."version" ASC[0m
  ↳ /home/Rithesh/.rbenv/versions/2.5.1/lib/ruby/gems/2.5.0/gems/activerecord-5.2.0/lib/active_record/log_subscriber.rb:98
Processing by HomeController#index as HTML
  Rendering home/index.html.erb within layouts/application
  Rendered home/index.html.erb within layouts/application (0.4ms)
Completed 200 OK in 120ms (Views: 114.3ms | ActiveRecord: 0.0ms)


Started GET "/users/sign_in" for 127.0.0.1 at 2018-07-28 19:32:29 +0530
Processing by Devise::SessionsController#new as HTML
  Rendering devise/sessions/new.html.erb within layouts/application
  Rendered devise/shared/_links.html.erb (0.9ms)
  Rendered devise/sessions/new.html.erb within layouts/application (104.4ms)
Completed 200 OK in 148ms (Views: 123.4ms | ActiveRecord: 0.6ms)


Started GET "/" for 127.0.0.1 at 2018-07-28 19:32:32 +0530
Processing by HomeController#index as HTML
  Rendering home/index.html.erb within layouts/application
  Rendered home/index.html.erb within layouts/application (0.6ms)
Completed 200 OK in 43ms (Views: 39.6ms | ActiveRecord: 0.0ms)


Started GET "/" for 127.0.0.1 at 2018-07-28 19:32:35 +0530
Processing by HomeController#index as HTML
  Rendering home/index.html.erb within layouts/application
  Rendered home/index.html.erb within layouts/application (0.5ms)
Completed 200 OK in 43ms (Views: 29.3ms | ActiveRecord: 0.0ms)


Started GET "/users/sign_in" for 127.0.0.1 at 2018-07-28 19:32:37 +0530
Processing by Devise::SessionsController#new as HTML
  Rendering devise/sessions/new.html.erb within layouts/application
  Rendered devise/shared/_links.html.erb (1.3ms)
  Rendered devise/sessions/new.html.erb within layouts/application (21.2ms)
Completed 200 OK in 63ms (Views: 59.3ms | ActiveRecord: 0.0ms)


Started GET "/users/sign_up" for 127.0.0.1 at 2018-07-28 19:32:39 +0530
Processing by Devise::RegistrationsController#new as HTML
  Rendering devise/registrations/new.html.erb within layouts/application
  Rendered devise/registrations/new.html.erb within layouts/application (17.2ms)
Completed 500 Internal Server Error in 24ms (ActiveRecord: 0.0ms)


  
ActionView::Template::Error (undefined method `username' for #<User id: nil, email: "", created_at: nil, updated_at: nil>):
    11: 
    12: 				  <div class="field">
    13: 				  	<div class="control">
    14: 				    	<%= f.input :username, required: true,  input_html: { class: "input"}, wrapper: false, label_html: { class: "label" } %>
    15: 				    </div>
    16: 				  </div>
    17: 
  
app/views/devise/registrations/new.html.erb:14:in `block in _app_views_devise_registrations_new_html_erb___794281806381526444_69994377486360'
app/views/devise/registrations/new.html.erb:7:in `_app_views_devise_registrations_new_html_erb___794281806381526444_69994377486360'
Started GET "/" for 127.0.0.1 at 2018-07-28 19:32:43 +0530
Processing by HomeController#index as HTML
  Rendering home/index.html.erb within layouts/application
  Rendered home/index.html.erb within layouts/application (0.4ms)
Completed 200 OK in 18ms (Views: 17.0ms | ActiveRecord: 0.0ms)


Started GET "/" for 127.0.0.1 at 2018-07-28 19:32:44 +0530
Processing by HomeController#index as HTML
  Rendering home/index.html.erb within layouts/application
  Rendered home/index.html.erb within layouts/application (0.5ms)
Completed 200 OK in 24ms (Views: 22.1ms | ActiveRecord: 0.0ms)


Started GET "/" for 127.0.0.1 at 2018-07-28 19:40:51 +0530
Processing by HomeController#index as HTML
  Rendering home/index.html.erb within layouts/application
  Rendered home/index.html.erb within layouts/application (0.2ms)
Completed 200 OK in 17ms (Views: 15.7ms | ActiveRecord: 0.0ms)


Started GET "/users/sign_up" for 127.0.0.1 at 2018-07-28 19:40:54 +0530
Processing by RegistrationsController#new as HTML
  Rendering devise/registrations/new.html.erb within layouts/application
  Rendered devise/registrations/new.html.erb within layouts/application (14.3ms)
Completed 500 Internal Server Error in 62ms (ActiveRecord: 2.7ms)


  
ActionView::Template::Error (undefined method `username' for #<User id: nil, email: "", created_at: nil, updated_at: nil>):
    11: 
    12: 				  <div class="field">
    13: 				  	<div class="control">
    14: 				    	<%= f.input :username, required: true,  input_html: { class: "input"}, wrapper: false, label_html: { class: "label" } %>
    15: 				    </div>
    16: 				  </div>
    17: 
  
app/views/devise/registrations/new.html.erb:14:in `block in _app_views_devise_registrations_new_html_erb___794281806381526444_47460990348380'
app/views/devise/registrations/new.html.erb:7:in `_app_views_devise_registrations_new_html_erb___794281806381526444_47460990348380'
Started GET "/" for 127.0.0.1 at 2018-07-28 19:41:18 +0530
  [1m[35m (0.1ms)[0m  [1m[34mSELECT "schema_migrations"."version" FROM "schema_migrations" ORDER BY "schema_migrations"."version" ASC[0m
  ↳ /home/Rithesh/.rbenv/versions/2.5.1/lib/ruby/gems/2.5.0/gems/activerecord-5.2.0/lib/active_record/log_subscriber.rb:98
Processing by HomeController#index as HTML
  Rendering home/index.html.erb within layouts/application
  Rendered home/index.html.erb within layouts/application (0.4ms)
Completed 200 OK in 124ms (Views: 117.3ms | ActiveRecord: 0.0ms)


Started GET "/users/sign_up" for 127.0.0.1 at 2018-07-28 19:41:19 +0530
Processing by RegistrationsController#new as HTML
  Rendering devise/registrations/new.html.erb within layouts/application
  Rendered devise/registrations/new.html.erb within layouts/application (17.6ms)
Completed 500 Internal Server Error in 35ms (ActiveRecord: 0.7ms)


  
ActionView::Template::Error (undefined method `username' for #<User id: nil, email: "", created_at: nil, updated_at: nil>):
    11: 
    12: 				  <div class="field">
    13: 				  	<div class="control">
    14: 				    	<%= f.input :username, required: true,  input_html: { class: "input"}, wrapper: false, label_html: { class: "label" } %>
    15: 				    </div>
    16: 				  </div>
    17: 
  
app/views/devise/registrations/new.html.erb:14:in `block in _app_views_devise_registrations_new_html_erb___3612465835727322125_70037797794660'
app/views/devise/registrations/new.html.erb:7:in `_app_views_devise_registrations_new_html_erb___3612465835727322125_70037797794660'
Started GET "/users/sign_up" for 127.0.0.1 at 2018-07-28 19:44:20 +0530
  [1m[35m (0.2ms)[0m  [1m[34mSELECT "schema_migrations"."version" FROM "schema_migrations" ORDER BY "schema_migrations"."version" ASC[0m
  ↳ /home/Rithesh/.rbenv/versions/2.5.1/lib/ruby/gems/2.5.0/gems/activerecord-5.2.0/lib/active_record/log_subscriber.rb:98
Processing by RegistrationsController#new as HTML
  Rendering devise/registrations/new.html.erb within layouts/application
  Rendered devise/registrations/new.html.erb within layouts/application (23.3ms)
Completed 500 Internal Server Error in 49ms (ActiveRecord: 0.6ms)


  
ActionView::Template::Error (undefined method `username' for #<User id: nil, email: "", created_at: nil, updated_at: nil>):
    11: 
    12: 				  <div class="field">
    13: 				  	<div class="control">
    14: 				    	<%= f.input :username, required: true,  input_html: { class: "input"}, wrapper: false, label_html: { class: "label" } %>
    15: 				    </div>
    16: 				  </div>
    17: 
  
app/views/devise/registrations/new.html.erb:14:in `block in _app_views_devise_registrations_new_html_erb___1724403269484245115_47204922140320'
app/views/devise/registrations/new.html.erb:7:in `_app_views_devise_registrations_new_html_erb___1724403269484245115_47204922140320'
Started GET "/users/sign_up" for 127.0.0.1 at 2018-07-28 19:44:21 +0530
Processing by RegistrationsController#new as HTML
  Rendering devise/registrations/new.html.erb within layouts/application
  Rendered devise/registrations/new.html.erb within layouts/application (43.0ms)
Completed 500 Internal Server Error in 61ms (ActiveRecord: 0.0ms)


  
ActionView::Template::Error (undefined method `username' for #<User id: nil, email: "", created_at: nil, updated_at: nil>):
    11: 
    12: 				  <div class="field">
    13: 				  	<div class="control">
    14: 				    	<%= f.input :username, required: true,  input_html: { class: "input"}, wrapper: false, label_html: { class: "label" } %>
    15: 				    </div>
    16: 				  </div>
    17: 
  
app/views/devise/registrations/new.html.erb:14:in `block in _app_views_devise_registrations_new_html_erb___1724403269484245115_69875599193880'
app/views/devise/registrations/new.html.erb:7:in `_app_views_devise_registrations_new_html_erb___1724403269484245115_69875599193880'
Started GET "/users/sign_up" for 127.0.0.1 at 2018-07-28 19:44:26 +0530
Processing by RegistrationsController#new as HTML
  Rendering devise/registrations/new.html.erb within layouts/application
  Rendered devise/registrations/new.html.erb within layouts/application (43.3ms)
Completed 500 Internal Server Error in 73ms (ActiveRecord: 0.0ms)


  
ActionView::Template::Error (undefined method `username' for #<User id: nil, email: "", created_at: nil, updated_at: nil>):
    11: 
    12: 				  <div class="field">
    13: 				  	<div class="control">
    14: 				    	<%= f.input :username, required: true,  input_html: { class: "input"}, wrapper: false, label_html: { class: "label" } %>
    15: 				    </div>
    16: 				  </div>
    17: 
  
app/views/devise/registrations/new.html.erb:14:in `block in _app_views_devise_registrations_new_html_erb___1724403269484245115_47204940852040'
app/views/devise/registrations/new.html.erb:7:in `_app_views_devise_registrations_new_html_erb___1724403269484245115_47204940852040'
  [1m[35m (0.1ms)[0m  [1m[34mSELECT "schema_migrations"."version" FROM "schema_migrations" ORDER BY "schema_migrations"."version" ASC[0m
  ↳ bin/rails:9
Migrating to AddUsernameToUsers (20180728141550)
  [1m[35m (0.0ms)[0m  [1m[36mbegin transaction[0m
  ↳ bin/rails:9
  [1m[35m (0.3ms)[0m  [1m[35mALTER TABLE "users" ADD "username" varchar[0m
  ↳ db/migrate/20180728141550_add_username_to_users.rb:3
  [1m[36mActiveRecord::SchemaMigration Create (0.4ms)[0m  [1m[32mINSERT INTO "schema_migrations" ("version") VALUES (?)[0m  [["version", "20180728141550"]]
  ↳ bin/rails:9
  [1m[35m (411.3ms)[0m  [1m[36mcommit transaction[0m
  ↳ bin/rails:9
  [1m[36mActiveRecord::InternalMetadata Load (0.6ms)[0m  [1m[34mSELECT  "ar_internal_metadata".* FROM "ar_internal_metadata" WHERE "ar_internal_metadata"."key" = ? LIMIT ?[0m  [["key", "environment"], ["LIMIT", 1]]
  ↳ bin/rails:9
  [1m[35m (0.2ms)[0m  [1m[36mbegin transaction[0m
  ↳ bin/rails:9
  [1m[35m (0.2ms)[0m  [1m[36mcommit transaction[0m
  ↳ bin/rails:9
  [1m[35m (0.3ms)[0m  [1m[34mSELECT "schema_migrations"."version" FROM "schema_migrations" ORDER BY "schema_migrations"."version" ASC[0m
  ↳ bin/rails:9
Started GET "/users/sign_up" for 127.0.0.1 at 2018-07-28 19:46:12 +0530
  [1m[35m (0.1ms)[0m  [1m[34mSELECT "schema_migrations"."version" FROM "schema_migrations" ORDER BY "schema_migrations"."version" ASC[0m
  ↳ /home/Rithesh/.rbenv/versions/2.5.1/lib/ruby/gems/2.5.0/gems/activerecord-5.2.0/lib/active_record/log_subscriber.rb:98
Processing by RegistrationsController#new as HTML
  Rendering devise/registrations/new.html.erb within layouts/application
  Rendered devise/shared/_links.html.erb (0.7ms)
  Rendered devise/registrations/new.html.erb within layouts/application (16.7ms)
Completed 200 OK in 212ms (Views: 186.9ms | ActiveRecord: 0.5ms)


Started POST "/users" for 127.0.0.1 at 2018-07-28 19:47:50 +0530
Processing by RegistrationsController#create as HTML
  Parameters: {"utf8"=>"✓", "authenticity_token"=>"R9NfcJkf1djUZyR/aolRqgV/2MOFSZJT2yg+HZl3DfOI1qlWB4cRu35xRk7xCJEwNMEAbJ7w2IhuMjj5H0J/ww==", "user"=>{"username"=>"Rithesh", "email"=>"rithh", "password"=>"[FILTERED]", "password_confirmation"=>"[FILTERED]"}, "commit"=>"Sign up"}
  [1m[35m (0.1ms)[0m  [1m[36mbegin transaction[0m
  ↳ /home/Rithesh/.rbenv/versions/2.5.1/lib/ruby/gems/2.5.0/gems/activerecord-5.2.0/lib/active_record/log_subscriber.rb:98
  [1m[36mUser Exists (0.1ms)[0m  [1m[34mSELECT  1 AS one FROM "users" WHERE "users"."email" = ? LIMIT ?[0m  [["email", "rithh"], ["LIMIT", 1]]
  ↳ /home/Rithesh/.rbenv/versions/2.5.1/lib/ruby/gems/2.5.0/gems/activerecord-5.2.0/lib/active_record/log_subscriber.rb:98
  [1m[35m (0.0ms)[0m  [1m[31mrollback transaction[0m
  ↳ /home/Rithesh/.rbenv/versions/2.5.1/lib/ruby/gems/2.5.0/gems/activerecord-5.2.0/lib/active_record/log_subscriber.rb:98
  Rendering devise/registrations/new.html.erb within layouts/application
  Rendered devise/shared/_links.html.erb (0.8ms)
  Rendered devise/registrations/new.html.erb within layouts/application (8.2ms)
Completed 200 OK in 37ms (Views: 21.8ms | ActiveRecord: 0.9ms)


Started POST "/users" for 127.0.0.1 at 2018-07-28 19:48:23 +0530
Processing by RegistrationsController#create as HTML
  Parameters: {"utf8"=>"✓", "authenticity_token"=>"DpFQDaMDBLyCzPv1RuLQ50yLj8BbbqAkDhkcTJOzIpjBlKYrPZvA3yjamcTdYxB9fTVXb0DX6v+7AxqoFYZQqA==", "user"=>{"username"=>"Rithesh", "email"=>"rithhem20@gmil.com", "password"=>"[FILTERED]", "password_confirmation"=>"[FILTERED]"}, "commit"=>"Sign up"}
  [1m[35m (0.1ms)[0m  [1m[36mbegin transaction[0m
  ↳ /home/Rithesh/.rbenv/versions/2.5.1/lib/ruby/gems/2.5.0/gems/activerecord-5.2.0/lib/active_record/log_subscriber.rb:98
  [1m[36mUser Exists (0.1ms)[0m  [1m[34mSELECT  1 AS one FROM "users" WHERE "users"."email" = ? LIMIT ?[0m  [["email", "rithhem20@gmil.com"], ["LIMIT", 1]]
  ↳ /home/Rithesh/.rbenv/versions/2.5.1/lib/ruby/gems/2.5.0/gems/activerecord-5.2.0/lib/active_record/log_subscriber.rb:98
  [1m[35m (0.0ms)[0m  [1m[31mrollback transaction[0m
  ↳ /home/Rithesh/.rbenv/versions/2.5.1/lib/ruby/gems/2.5.0/gems/activerecord-5.2.0/lib/active_record/log_subscriber.rb:98
  Rendering devise/registrations/new.html.erb within layouts/application
  Rendered devise/shared/_links.html.erb (0.9ms)
  Rendered devise/registrations/new.html.erb within layouts/application (6.6ms)
Completed 200 OK in 171ms (Views: 20.4ms | ActiveRecord: 0.2ms)


Started POST "/users" for 127.0.0.1 at 2018-07-28 19:48:46 +0530
Processing by RegistrationsController#create as HTML
  Parameters: {"utf8"=>"✓", "authenticity_token"=>"mNmI7cb66MbI/SliMCVvi9laHJC9bOl/jMTn1wtab4ZX3H7LWGIspWLrS1OrpK8R6OTEP6bVo6Q53uEzjW8dtg==", "user"=>{"username"=>"Rithesh", "email"=>"rithhem20@gmil.com", "password"=>"[FILTERED]", "password_confirmation"=>"[FILTERED]"}, "commit"=>"Sign up"}
  [1m[35m (0.1ms)[0m  [1m[36mbegin transaction[0m
  ↳ /home/Rithesh/.rbenv/versions/2.5.1/lib/ruby/gems/2.5.0/gems/activerecord-5.2.0/lib/active_record/log_subscriber.rb:98
  [1m[36mUser Exists (0.1ms)[0m  [1m[34mSELECT  1 AS one FROM "users" WHERE "users"."email" = ? LIMIT ?[0m  [["email", "rithhem20@gmil.com"], ["LIMIT", 1]]
  ↳ /home/Rithesh/.rbenv/versions/2.5.1/lib/ruby/gems/2.5.0/gems/activerecord-5.2.0/lib/active_record/log_subscriber.rb:98
  [1m[36mUser Create (0.6ms)[0m  [1m[32mINSERT INTO "users" ("email", "encrypted_password", "created_at", "updated_at", "username") VALUES (?, ?, ?, ?, ?)[0m  [["email", "rithhem20@gmil.com"], ["encrypted_password", "$2a$11$OXOqGaRas5mL3ivjTtExNegwBwu8APbb9/QQ0wNvIt7p5DyhARyIS"], ["created_at", "2018-07-28 14:18:46.570470"], ["updated_at", "2018-07-28 14:18:46.570470"], ["username", "Rithesh"]]
  ↳ /home/Rithesh/.rbenv/versions/2.5.1/lib/ruby/gems/2.5.0/gems/activerecord-5.2.0/lib/active_record/log_subscriber.rb:98
  [1m[35m (275.4ms)[0m  [1m[36mcommit transaction[0m
  ↳ /home/Rithesh/.rbenv/versions/2.5.1/lib/ruby/gems/2.5.0/gems/activerecord-5.2.0/lib/active_record/log_subscriber.rb:98
  [1m[35m (0.2ms)[0m  [1m[36mbegin transaction[0m
  ↳ /home/Rithesh/.rbenv/versions/2.5.1/lib/ruby/gems/2.5.0/gems/activerecord-5.2.0/lib/active_record/log_subscriber.rb:98
  [1m[36mUser Update (1.6ms)[0m  [1m[33mUPDATE "users" SET "sign_in_count" = ?, "current_sign_in_at" = ?, "last_sign_in_at" = ?, "current_sign_in_ip" = ?, "last_sign_in_ip" = ?, "updated_at" = ? WHERE "users"."id" = ?[0m  [["sign_in_count", 1], ["current_sign_in_at", "2018-07-28 14:18:46.852405"], ["last_sign_in_at", "2018-07-28 14:18:46.852405"], ["current_sign_in_ip", "127.0.0.1"], ["last_sign_in_ip", "127.0.0.1"], ["updated_at", "2018-07-28 14:18:46.854797"], ["id", 1]]
  ↳ /home/Rithesh/.rbenv/versions/2.5.1/lib/ruby/gems/2.5.0/gems/activerecord-5.2.0/lib/active_record/log_subscriber.rb:98
  [1m[35m (106.1ms)[0m  [1m[36mcommit transaction[0m
  ↳ /home/Rithesh/.rbenv/versions/2.5.1/lib/ruby/gems/2.5.0/gems/activerecord-5.2.0/lib/active_record/log_subscriber.rb:98
Redirected to http://localhost:3000/
Completed 302 Found in 538ms (ActiveRecord: 384.1ms)


Started GET "/" for 127.0.0.1 at 2018-07-28 19:48:47 +0530
Processing by HomeController#index as HTML
  Rendering home/index.html.erb within layouts/application
  Rendered home/index.html.erb within layouts/application (0.8ms)
  [1m[36mUser Load (0.2ms)[0m  [1m[34mSELECT  "users".* FROM "users" WHERE "users"."id" = ? ORDER BY "users"."id" ASC LIMIT ?[0m  [["id", 1], ["LIMIT", 1]]
  ↳ app/views/layouts/application.html.erb:39
Completed 200 OK in 40ms (Views: 35.9ms | ActiveRecord: 0.2ms)


Started GET "/users/edit" for 127.0.0.1 at 2018-07-28 19:48:51 +0530
Processing by RegistrationsController#edit as HTML
  [1m[36mUser Load (0.7ms)[0m  [1m[34mSELECT  "users".* FROM "users" WHERE "users"."id" = ? ORDER BY "users"."id" ASC LIMIT ?[0m  [["id", 1], ["LIMIT", 1]]
  ↳ /home/Rithesh/.rbenv/versions/2.5.1/lib/ruby/gems/2.5.0/gems/activerecord-5.2.0/lib/active_record/log_subscriber.rb:98
  Rendering devise/registrations/edit.html.erb within layouts/application
  Rendered devise/registrations/edit.html.erb within layouts/application (117.6ms)
Completed 500 Internal Server Error in 136ms (ActiveRecord: 0.7ms)


  
ActionView::Template::Error (undefined method `has_role?' for #<#<Class:0x00007f3ae04eab98>:0x00007f3ae07c5520>):
     5: 
     6:       <h2 class="title is-2">Edit <%= resource_name.to_s.humanize %></h2>
     7: 
     8:       <% if has_role?(:admin) %>
     9:         <div class="notification">
    10:           <p>You are currently an <strong>admin</strong> of the Discussions application.</p>
    11:         </div>
  
app/views/devise/registrations/edit.html.erb:8:in `_app_views_devise_registrations_edit_html_erb__3820273284631931171_69945425522400'
Started GET "/" for 127.0.0.1 at 2018-07-28 19:48:54 +0530
Processing by HomeController#index as HTML
  Rendering home/index.html.erb within layouts/application
  Rendered home/index.html.erb within layouts/application (0.4ms)
  [1m[36mUser Load (0.2ms)[0m  [1m[34mSELECT  "users".* FROM "users" WHERE "users"."id" = ? ORDER BY "users"."id" ASC LIMIT ?[0m  [["id", 1], ["LIMIT", 1]]
  ↳ app/views/layouts/application.html.erb:39
Completed 200 OK in 32ms (Views: 29.9ms | ActiveRecord: 0.2ms)


Started GET "/users/edit" for 127.0.0.1 at 2018-07-28 19:48:57 +0530
Processing by RegistrationsController#edit as HTML
  [1m[36mUser Load (1.5ms)[0m  [1m[34mSELECT  "users".* FROM "users" WHERE "users"."id" = ? ORDER BY "users"."id" ASC LIMIT ?[0m  [["id", 1], ["LIMIT", 1]]
  ↳ /home/Rithesh/.rbenv/versions/2.5.1/lib/ruby/gems/2.5.0/gems/activerecord-5.2.0/lib/active_record/log_subscriber.rb:98
  Rendering devise/registrations/edit.html.erb within layouts/application
  Rendered devise/registrations/edit.html.erb within layouts/application (127.5ms)
Completed 500 Internal Server Error in 145ms (ActiveRecord: 1.5ms)


  
ActionView::Template::Error (undefined method `has_role?' for #<#<Class:0x00007f3ae04eab98>:0x00007f3ad82c4bf0>):
     5: 
     6:       <h2 class="title is-2">Edit <%= resource_name.to_s.humanize %></h2>
     7: 
     8:       <% if has_role?(:admin) %>
     9:         <div class="notification">
    10:           <p>You are currently an <strong>admin</strong> of the Discussions application.</p>
    11:         </div>
  
app/views/devise/registrations/edit.html.erb:8:in `_app_views_devise_registrations_edit_html_erb__3820273284631931171_69945355767100'
Started GET "/" for 127.0.0.1 at 2018-07-28 19:48:59 +0530
Processing by HomeController#index as HTML
  Rendering home/index.html.erb within layouts/application
  Rendered home/index.html.erb within layouts/application (0.4ms)
  [1m[36mUser Load (0.2ms)[0m  [1m[34mSELECT  "users".* FROM "users" WHERE "users"."id" = ? ORDER BY "users"."id" ASC LIMIT ?[0m  [["id", 1], ["LIMIT", 1]]
  ↳ app/views/layouts/application.html.erb:39
Completed 200 OK in 22ms (Views: 19.7ms | ActiveRecord: 0.2ms)


Started GET "/" for 127.0.0.1 at 2018-07-28 19:50:10 +0530
Processing by HomeController#index as HTML
  Rendering home/index.html.erb within layouts/application
  Rendered home/index.html.erb within layouts/application (0.2ms)
  [1m[36mUser Load (0.2ms)[0m  [1m[34mSELECT  "users".* FROM "users" WHERE "users"."id" = ? ORDER BY "users"."id" ASC LIMIT ?[0m  [["id", 1], ["LIMIT", 1]]
  ↳ app/views/layouts/application.html.erb:39
Completed 200 OK in 19ms (Views: 18.5ms | ActiveRecord: 0.2ms)


  [1m[35m (0.1ms)[0m  [1m[34mSELECT "schema_migrations"."version" FROM "schema_migrations" ORDER BY "schema_migrations"."version" ASC[0m
  ↳ bin/rails:9
Migrating to CreateDiscusses (20180728143031)
  [1m[35m (0.1ms)[0m  [1m[36mbegin transaction[0m
  ↳ bin/rails:9
  [1m[35m (0.1ms)[0m  [1m[34mSELECT sqlite_version(*)[0m
  ↳ db/migrate/20180728143031_create_discusses.rb:3
  [1m[35m (1.0ms)[0m  [1m[35mCREATE TABLE "discusses" ("id" integer PRIMARY KEY AUTOINCREMENT NOT NULL, "title" varchar, "content" text, "created_at" datetime NOT NULL, "updated_at" datetime NOT NULL)[0m
  ↳ db/migrate/20180728143031_create_discusses.rb:3
  [1m[36mActiveRecord::SchemaMigration Create (0.3ms)[0m  [1m[32mINSERT INTO "schema_migrations" ("version") VALUES (?)[0m  [["version", "20180728143031"]]
  ↳ bin/rails:9
  [1m[35m (98.3ms)[0m  [1m[36mcommit transaction[0m
  ↳ bin/rails:9
  [1m[36mActiveRecord::InternalMetadata Load (0.3ms)[0m  [1m[34mSELECT  "ar_internal_metadata".* FROM "ar_internal_metadata" WHERE "ar_internal_metadata"."key" = ? LIMIT ?[0m  [["key", "environment"], ["LIMIT", 1]]
  ↳ bin/rails:9
  [1m[35m (0.1ms)[0m  [1m[36mbegin transaction[0m
  ↳ bin/rails:9
  [1m[35m (0.1ms)[0m  [1m[36mcommit transaction[0m
  ↳ bin/rails:9
  [1m[35m (0.2ms)[0m  [1m[34mSELECT "schema_migrations"."version" FROM "schema_migrations" ORDER BY "schema_migrations"."version" ASC[0m
  ↳ bin/rails:9
Started GET "/" for 127.0.0.1 at 2018-07-28 20:10:11 +0530
  [1m[35m (0.2ms)[0m  [1m[34mSELECT "schema_migrations"."version" FROM "schema_migrations" ORDER BY "schema_migrations"."version" ASC[0m
  ↳ /home/Rithesh/.rbenv/versions/2.5.1/lib/ruby/gems/2.5.0/gems/activerecord-5.2.0/lib/active_record/log_subscriber.rb:98
Processing by HomeController#index as HTML
  Rendering home/index.html.erb within layouts/application
  Rendered home/index.html.erb within layouts/application (0.3ms)
  [1m[36mUser Load (0.1ms)[0m  [1m[34mSELECT  "users".* FROM "users" WHERE "users"."id" = ? ORDER BY "users"."id" ASC LIMIT ?[0m  [["id", 1], ["LIMIT", 1]]
  ↳ app/views/layouts/application.html.erb:39
Completed 200 OK in 1128ms (Views: 1125.9ms | ActiveRecord: 0.6ms)


Started GET "/" for 127.0.0.1 at 2018-07-28 20:10:12 +0530
Processing by HomeController#index as HTML
  Rendering home/index.html.erb within layouts/application
  Rendered home/index.html.erb within layouts/application (0.3ms)
  [1m[36mUser Load (0.3ms)[0m  [1m[34mSELECT  "users".* FROM "users" WHERE "users"."id" = ? ORDER BY "users"."id" ASC LIMIT ?[0m  [["id", 1], ["LIMIT", 1]]
  ↳ app/views/layouts/application.html.erb:39
Completed 200 OK in 24ms (Views: 22.4ms | ActiveRecord: 0.3ms)


Started GET "/" for 127.0.0.1 at 2018-07-28 20:11:52 +0530
Processing by DiscussesController#index as HTML
  Rendering discusses/index.html.erb within layouts/application
  [1m[36mDiscuss Load (0.5ms)[0m  [1m[34mSELECT "discusses".* FROM "discusses"[0m
  ↳ app/views/discusses/index.html.erb:15
  Rendered discusses/index.html.erb within layouts/application (3.0ms)
  [1m[36mUser Load (0.7ms)[0m  [1m[34mSELECT  "users".* FROM "users" WHERE "users"."id" = ? ORDER BY "users"."id" ASC LIMIT ?[0m  [["id", 1], ["LIMIT", 1]]
  ↳ app/views/layouts/application.html.erb:39
Completed 200 OK in 50ms (Views: 45.6ms | ActiveRecord: 2.2ms)


Started GET "/" for 127.0.0.1 at 2018-07-28 20:12:04 +0530
Processing by DiscussesController#index as HTML
  Rendering discusses/index.html.erb within layouts/application
  [1m[36mDiscuss Load (0.3ms)[0m  [1m[34mSELECT "discusses".* FROM "discusses"[0m
  ↳ app/views/discusses/index.html.erb:15
  Rendered discusses/index.html.erb within layouts/application (3.0ms)
  [1m[36mUser Load (0.2ms)[0m  [1m[34mSELECT  "users".* FROM "users" WHERE "users"."id" = ? ORDER BY "users"."id" ASC LIMIT ?[0m  [["id", 1], ["LIMIT", 1]]
  ↳ app/views/layouts/application.html.erb:39
Completed 200 OK in 38ms (Views: 33.4ms | ActiveRecord: 0.5ms)


Started GET "/" for 127.0.0.1 at 2018-07-28 20:12:12 +0530
Processing by DiscussesController#index as HTML
  Rendering discusses/index.html.erb within layouts/application
  [1m[36mDiscuss Load (0.2ms)[0m  [1m[34mSELECT "discusses".* FROM "discusses"[0m
  ↳ app/views/discusses/index.html.erb:15
  Rendered discusses/index.html.erb within layouts/application (1.4ms)
  [1m[36mUser Load (0.2ms)[0m  [1m[34mSELECT  "users".* FROM "users" WHERE "users"."id" = ? ORDER BY "users"."id" ASC LIMIT ?[0m  [["id", 1], ["LIMIT", 1]]
  ↳ app/views/layouts/application.html.erb:39
Completed 200 OK in 24ms (Views: 22.4ms | ActiveRecord: 0.3ms)


